<?xml version="1.0" encoding="UTF-8"?>
<robot generator="Robot 4.0.3 (Python 3.7.0 on win32)" generated="20220524 00:30:00.751" rpa="false" schemaversion="2">
<suite id="s1" name="DDTBuiltIn CSV" source="D:\RobotDemo\TestCases\DDTBuiltIn_CSV.robot">
<kw name="Start TestCase" library="common" type="SETUP">
<kw name="Open Browser" library="SeleniumLibrary">
<arg>${url}</arg>
<arg>${browser}</arg>
<doc>Opens a new browser instance to the optional ``url``.</doc>
<msg timestamp="20220524 00:30:01.068" level="INFO">Opening browser 'firefox' to base url 'https://www.saucedemo.com'.</msg>
<msg timestamp="20220524 00:30:01.070" level="INFO">Firefox driver log is always forced to to: D:\RobotDemo\TestCases\results\geckodriver-9.log</msg>
<status status="PASS" starttime="20220524 00:30:01.068" endtime="20220524 00:30:09.135"/>
</kw>
<kw name="Maximize Browser Window" library="SeleniumLibrary">
<doc>Maximizes current browser window.</doc>
<status status="PASS" starttime="20220524 00:30:09.135" endtime="20220524 00:30:09.409"/>
</kw>
<kw name="Sleep" library="BuiltIn">
<arg>2s</arg>
<doc>Pauses the test executed for the given time.</doc>
<msg timestamp="20220524 00:30:11.412" level="INFO">Slept 2 seconds</msg>
<status status="PASS" starttime="20220524 00:30:09.410" endtime="20220524 00:30:11.412"/>
</kw>
<status status="PASS" starttime="20220524 00:30:01.068" endtime="20220524 00:30:11.413"/>
</kw>
<test id="s1-t1" name="VerifyLoginbyUsingCSV using standard_us and secret_sauce then verify error displays: Epic sadface: Username and password do not match any user in this service">
<kw name="Invalid Login Scenarios">
<arg>standard_us</arg>
<arg>secret_sauce</arg>
<arg>Epic sadface: Username and password do not match any user in this service</arg>
<kw name="Input Text" library="SeleniumLibrary">
<arg>${txt_username}</arg>
<arg>${username}</arg>
<doc>Types the given ``text`` into the text field identified by ``locator``.</doc>
<msg timestamp="20220524 00:30:11.427" level="INFO">Typing text 'standard_us' into text field 'id:user-name'.</msg>
<status status="PASS" starttime="20220524 00:30:11.426" endtime="20220524 00:30:11.543"/>
</kw>
<kw name="Input Text" library="SeleniumLibrary">
<arg>${txt_password}</arg>
<arg>${password}</arg>
<doc>Types the given ``text`` into the text field identified by ``locator``.</doc>
<msg timestamp="20220524 00:30:11.543" level="INFO">Typing text 'secret_sauce' into text field 'id:password'.</msg>
<status status="PASS" starttime="20220524 00:30:11.543" endtime="20220524 00:30:11.582"/>
</kw>
<kw name="Click Button" library="SeleniumLibrary">
<arg>${btn_login}</arg>
<doc>Clicks the button identified by ``locator``.</doc>
<msg timestamp="20220524 00:30:11.583" level="INFO">Clicking button 'xpath://*[@id="login-button"]'.</msg>
<status status="PASS" starttime="20220524 00:30:11.582" endtime="20220524 00:30:11.819"/>
</kw>
<kw name="Sleep" library="BuiltIn">
<arg>2s</arg>
<doc>Pauses the test executed for the given time.</doc>
<msg timestamp="20220524 00:30:13.821" level="INFO">Slept 2 seconds</msg>
<status status="PASS" starttime="20220524 00:30:11.819" endtime="20220524 00:30:13.821"/>
</kw>
<kw name="Element Should Contain" library="SeleniumLibrary">
<arg>${txt_error}</arg>
<arg>${error_msg}</arg>
<doc>Verifies that element ``locator`` contains text ``expected``.</doc>
<msg timestamp="20220524 00:30:13.854" level="INFO">Element 'xpath://h3[@data-test="error"]' contains text 'Epic sadface: Username and password do not match any user in this service'.</msg>
<status status="PASS" starttime="20220524 00:30:13.821" endtime="20220524 00:30:13.854"/>
</kw>
<status status="PASS" starttime="20220524 00:30:11.424" endtime="20220524 00:30:13.854"/>
</kw>
<status status="PASS" starttime="20220524 00:30:11.414" endtime="20220524 00:30:13.855"/>
</test>
<test id="s1-t2" name="VerifyLoginbyUsingCSV using standard_user and secret_sa then verify error displays: Epic sadface: Username and password do not match any user in this service">
<kw name="Invalid Login Scenarios">
<arg>standard_user</arg>
<arg>secret_sa</arg>
<arg>Epic sadface: Username and password do not match any user in this service</arg>
<kw name="Input Text" library="SeleniumLibrary">
<arg>${txt_username}</arg>
<arg>${username}</arg>
<doc>Types the given ``text`` into the text field identified by ``locator``.</doc>
<msg timestamp="20220524 00:30:13.859" level="INFO">Typing text 'standard_user' into text field 'id:user-name'.</msg>
<status status="PASS" starttime="20220524 00:30:13.858" endtime="20220524 00:30:13.928"/>
</kw>
<kw name="Input Text" library="SeleniumLibrary">
<arg>${txt_password}</arg>
<arg>${password}</arg>
<doc>Types the given ``text`` into the text field identified by ``locator``.</doc>
<msg timestamp="20220524 00:30:13.929" level="INFO">Typing text 'secret_sa' into text field 'id:password'.</msg>
<status status="PASS" starttime="20220524 00:30:13.929" endtime="20220524 00:30:13.973"/>
</kw>
<kw name="Click Button" library="SeleniumLibrary">
<arg>${btn_login}</arg>
<doc>Clicks the button identified by ``locator``.</doc>
<msg timestamp="20220524 00:30:13.974" level="INFO">Clicking button 'xpath://*[@id="login-button"]'.</msg>
<status status="PASS" starttime="20220524 00:30:13.973" endtime="20220524 00:30:14.196"/>
</kw>
<kw name="Sleep" library="BuiltIn">
<arg>2s</arg>
<doc>Pauses the test executed for the given time.</doc>
<msg timestamp="20220524 00:30:16.198" level="INFO">Slept 2 seconds</msg>
<status status="PASS" starttime="20220524 00:30:14.196" endtime="20220524 00:30:16.199"/>
</kw>
<kw name="Element Should Contain" library="SeleniumLibrary">
<arg>${txt_error}</arg>
<arg>${error_msg}</arg>
<doc>Verifies that element ``locator`` contains text ``expected``.</doc>
<msg timestamp="20220524 00:30:16.265" level="INFO">Element 'xpath://h3[@data-test="error"]' contains text 'Epic sadface: Username and password do not match any user in this service'.</msg>
<status status="PASS" starttime="20220524 00:30:16.200" endtime="20220524 00:30:16.265"/>
</kw>
<status status="PASS" starttime="20220524 00:30:13.858" endtime="20220524 00:30:16.266"/>
</kw>
<status status="PASS" starttime="20220524 00:30:13.855" endtime="20220524 00:30:16.267"/>
</test>
<test id="s1-t3" name="VerifyLoginbyUsingCSV using  and  then verify error displays: Epic sadface: Username is required">
<kw name="Invalid Login Scenarios">
<arg>${EMPTY}</arg>
<arg>${EMPTY}</arg>
<arg>Epic sadface: Username is required</arg>
<kw name="Input Text" library="SeleniumLibrary">
<arg>${txt_username}</arg>
<arg>${username}</arg>
<doc>Types the given ``text`` into the text field identified by ``locator``.</doc>
<msg timestamp="20220524 00:30:16.284" level="INFO">Typing text '' into text field 'id:user-name'.</msg>
<status status="PASS" starttime="20220524 00:30:16.283" endtime="20220524 00:30:16.315"/>
</kw>
<kw name="Input Text" library="SeleniumLibrary">
<arg>${txt_password}</arg>
<arg>${password}</arg>
<doc>Types the given ``text`` into the text field identified by ``locator``.</doc>
<msg timestamp="20220524 00:30:16.315" level="INFO">Typing text '' into text field 'id:password'.</msg>
<status status="PASS" starttime="20220524 00:30:16.315" endtime="20220524 00:30:16.336"/>
</kw>
<kw name="Click Button" library="SeleniumLibrary">
<arg>${btn_login}</arg>
<doc>Clicks the button identified by ``locator``.</doc>
<msg timestamp="20220524 00:30:16.336" level="INFO">Clicking button 'xpath://*[@id="login-button"]'.</msg>
<status status="PASS" starttime="20220524 00:30:16.336" endtime="20220524 00:30:16.560"/>
</kw>
<kw name="Sleep" library="BuiltIn">
<arg>2s</arg>
<doc>Pauses the test executed for the given time.</doc>
<msg timestamp="20220524 00:30:18.563" level="INFO">Slept 2 seconds</msg>
<status status="PASS" starttime="20220524 00:30:16.561" endtime="20220524 00:30:18.563"/>
</kw>
<kw name="Element Should Contain" library="SeleniumLibrary">
<arg>${txt_error}</arg>
<arg>${error_msg}</arg>
<doc>Verifies that element ``locator`` contains text ``expected``.</doc>
<msg timestamp="20220524 00:30:18.596" level="INFO">Element 'xpath://h3[@data-test="error"]' contains text 'Epic sadface: Username is required'.</msg>
<status status="PASS" starttime="20220524 00:30:18.563" endtime="20220524 00:30:18.596"/>
</kw>
<status status="PASS" starttime="20220524 00:30:16.278" endtime="20220524 00:30:18.596"/>
</kw>
<status status="PASS" starttime="20220524 00:30:16.272" endtime="20220524 00:30:18.597"/>
</test>
<test id="s1-t4" name="VerifyLoginbyUsingCSV using standard_us and secret_sa then verify error displays: Epic sadface: Username and password do not match any user in this service">
<kw name="Invalid Login Scenarios">
<arg>standard_us</arg>
<arg>secret_sa</arg>
<arg>Epic sadface: Username and password do not match any user in this service</arg>
<kw name="Input Text" library="SeleniumLibrary">
<arg>${txt_username}</arg>
<arg>${username}</arg>
<doc>Types the given ``text`` into the text field identified by ``locator``.</doc>
<msg timestamp="20220524 00:30:18.604" level="INFO">Typing text 'standard_us' into text field 'id:user-name'.</msg>
<status status="PASS" starttime="20220524 00:30:18.603" endtime="20220524 00:30:18.710"/>
</kw>
<kw name="Input Text" library="SeleniumLibrary">
<arg>${txt_password}</arg>
<arg>${password}</arg>
<doc>Types the given ``text`` into the text field identified by ``locator``.</doc>
<msg timestamp="20220524 00:30:18.711" level="INFO">Typing text 'secret_sa' into text field 'id:password'.</msg>
<status status="PASS" starttime="20220524 00:30:18.710" endtime="20220524 00:30:18.778"/>
</kw>
<kw name="Click Button" library="SeleniumLibrary">
<arg>${btn_login}</arg>
<doc>Clicks the button identified by ``locator``.</doc>
<msg timestamp="20220524 00:30:18.779" level="INFO">Clicking button 'xpath://*[@id="login-button"]'.</msg>
<status status="PASS" starttime="20220524 00:30:18.778" endtime="20220524 00:30:19.014"/>
</kw>
<kw name="Sleep" library="BuiltIn">
<arg>2s</arg>
<doc>Pauses the test executed for the given time.</doc>
<msg timestamp="20220524 00:30:21.015" level="INFO">Slept 2 seconds</msg>
<status status="PASS" starttime="20220524 00:30:19.014" endtime="20220524 00:30:21.015"/>
</kw>
<kw name="Element Should Contain" library="SeleniumLibrary">
<arg>${txt_error}</arg>
<arg>${error_msg}</arg>
<doc>Verifies that element ``locator`` contains text ``expected``.</doc>
<msg timestamp="20220524 00:30:21.057" level="INFO">Element 'xpath://h3[@data-test="error"]' contains text 'Epic sadface: Username and password do not match any user in this service'.</msg>
<status status="PASS" starttime="20220524 00:30:21.016" endtime="20220524 00:30:21.058"/>
</kw>
<status status="PASS" starttime="20220524 00:30:18.602" endtime="20220524 00:30:21.058"/>
</kw>
<status status="PASS" starttime="20220524 00:30:18.597" endtime="20220524 00:30:21.059"/>
</test>
<kw name="Finish TestCase" library="common" type="TEARDOWN">
<kw name="Close All Browsers" library="SeleniumLibrary">
<doc>Closes all open browsers and resets the browser cache.</doc>
<status status="PASS" starttime="20220524 00:30:21.062" endtime="20220524 00:30:22.472"/>
</kw>
<status status="PASS" starttime="20220524 00:30:21.061" endtime="20220524 00:30:22.472"/>
</kw>
<doc>Suite description</doc>
<status status="PASS" starttime="20220524 00:30:00.757" endtime="20220524 00:30:22.472"/>
</suite>
<statistics>
<total>
<stat pass="4" fail="0" skip="0">All Tests</stat>
</total>
<tag>
</tag>
<suite>
<stat pass="4" fail="0" skip="0" id="s1" name="DDTBuiltIn CSV">DDTBuiltIn CSV</stat>
</suite>
</statistics>
<errors>
</errors>
</robot>
