<?xml version="1.0" encoding="UTF-8"?>
<robot generator="Robot 4.0.3 (Python 3.7.0 on win32)" generated="20220525 23:37:55.299" rpa="false" schemaversion="2">
<suite id="s1" name="Tagging" source="D:\RobotDemo\TestCases\Tagging.robot">
<kw name="Log To Console" library="BuiltIn" type="SETUP">
<arg>Open Browser</arg>
<doc>Logs the given message to the console.</doc>
<status status="PASS" starttime="20220525 23:37:55.555" endtime="20220525 23:37:55.555"/>
</kw>
<test id="s1-t1" name="TC1 Create User">
<kw name="Log To Console" library="BuiltIn">
<arg>Creating a new user</arg>
<doc>Logs the given message to the console.</doc>
<status status="PASS" starttime="20220525 23:37:55.557" endtime="20220525 23:37:55.558"/>
</kw>
<kw name="Log To Console" library="BuiltIn">
<arg>User is created</arg>
<doc>Logs the given message to the console.</doc>
<status status="PASS" starttime="20220525 23:37:55.558" endtime="20220525 23:37:55.558"/>
</kw>
<tag>regression</tag>
<status status="PASS" starttime="20220525 23:37:55.556" endtime="20220525 23:37:55.559"/>
</test>
<test id="s1-t2" name="TC2 Login by new user">
<kw name="Log To Console" library="BuiltIn">
<arg>Start login by new user</arg>
<doc>Logs the given message to the console.</doc>
<status status="PASS" starttime="20220525 23:37:55.560" endtime="20220525 23:37:55.560"/>
</kw>
<kw name="Log To Console" library="BuiltIn">
<arg>New user is already login</arg>
<doc>Logs the given message to the console.</doc>
<status status="PASS" starttime="20220525 23:37:55.560" endtime="20220525 23:37:55.561"/>
</kw>
<tag>sanity</tag>
<status status="PASS" starttime="20220525 23:37:55.560" endtime="20220525 23:37:55.561"/>
</test>
<test id="s1-t3" name="TC3 Change user settings">
<kw name="Log To Console" library="BuiltIn">
<arg>Login to change user settings</arg>
<doc>Logs the given message to the console.</doc>
<status status="PASS" starttime="20220525 23:37:55.563" endtime="20220525 23:37:55.563"/>
</kw>
<kw name="Log To Console" library="BuiltIn">
<arg>Changing user settings</arg>
<doc>Logs the given message to the console.</doc>
<status status="PASS" starttime="20220525 23:37:55.563" endtime="20220525 23:37:55.564"/>
</kw>
<kw name="Log To Console" library="BuiltIn">
<arg>User settings are changed</arg>
<doc>Logs the given message to the console.</doc>
<status status="PASS" starttime="20220525 23:37:55.564" endtime="20220525 23:37:55.565"/>
</kw>
<tag>regression</tag>
<status status="PASS" starttime="20220525 23:37:55.562" endtime="20220525 23:37:55.565"/>
</test>
<test id="s1-t4" name="TC4 Log out">
<kw name="Log To Console" library="BuiltIn">
<arg>Log out from application</arg>
<doc>Logs the given message to the console.</doc>
<status status="PASS" starttime="20220525 23:37:55.566" endtime="20220525 23:37:55.567"/>
</kw>
<tag>sanity</tag>
<status status="PASS" starttime="20220525 23:37:55.566" endtime="20220525 23:37:55.567"/>
</test>
<kw name="Log To Console" library="BuiltIn" type="TEARDOWN">
<arg>Close Browser</arg>
<doc>Logs the given message to the console.</doc>
<status status="PASS" starttime="20220525 23:37:55.567" endtime="20220525 23:37:55.568"/>
</kw>
<doc>Suite description</doc>
<status status="PASS" starttime="20220525 23:37:55.302" endtime="20220525 23:37:55.568"/>
</suite>
<statistics>
<total>
<stat pass="4" fail="0" skip="0">All Tests</stat>
</total>
<tag>
<stat pass="2" fail="0" skip="0">regression</stat>
<stat pass="2" fail="0" skip="0">sanity</stat>
</tag>
<suite>
<stat pass="4" fail="0" skip="0" id="s1" name="Tagging">Tagging</stat>
</suite>
</statistics>
<errors>
</errors>
</robot>
